#
# A fatal error has been detected by the Java Runtime Environment:
#
#  EXCEPTION_ACCESS_VIOLATION (0xc0000005) at pc=0x0000000074d54b9b, pid=2124, tid=3572
#
# JRE version: Java(TM) SE Runtime Environment (7.0_80-b15) (build 1.7.0_80-b15)
# Java VM: Java HotSpot(TM) 64-Bit Server VM (24.80-b11 mixed mode windows-amd64 compressed oops)
# Problematic frame:
# V  [jvm.dll+0x144b9b]
#
# Failed to write core dump. Minidumps are not enabled by default on client versions of Windows
#
# If you would like to submit a bug report, please visit:
#   http://bugreport.java.com/bugreport/crash.jsp
#

---------------  T H R E A D  ---------------

Current thread (0x000000000c352000):  JavaThread "JDWP Transport Listener: dt_socket" daemon [_thread_in_vm, id=3572, stack(0x000000000de00000,0x000000000df00000)]

siginfo: ExceptionCode=0xc0000005, reading address 0xffffffffffffffff

Registers:
RAX=0x000000000deff301, RBX=0x000000000c352000, RCX=0x2470614d68736148, RDX=0x0000000000000000
RSP=0x000000000deff360, RBP=0x2470614d68736148, RSI=0x000000000deff478, RDI=0x0000000002548950
R8 =0x000000000c352000, R9 =0x0000000000000700, R10=0x0000000000000000, R11=0x485f436800380005
R12=0x0000000000000000, R13=0x00000000023ed4f8, R14=0x0000000000000000, R15=0x0000000000000000
RIP=0x0000000074d54b9b, EFLAGS=0x0000000000010206

Top of Stack: (sp=0x000000000deff360)
0x000000000deff360:   000000000c352000 0000000000000005
0x000000000deff370:   000000000deff428 0000000074ef77d9
0x000000000deff380:   000000000c352000 0000000074f15382
0x000000000deff390:   0000000000000000 0000000074218e8d
0x000000000deff3a0:   000000000245f3c8 0000000074222666
0x000000000deff3b0:   000000000c352000 0000000000000000
0x000000000deff3c0:   0000000000000000 0000000000000000
0x000000000deff3d0:   2470614d68736148 000000007422175d
0x000000000deff3e0:   000000000deff478 000000000deff450
0x000000000deff3f0:   0000000000000001 000000000245f3c8
0x000000000deff400:   2470614d68736148 00000000742053b3
0x000000000deff410:   000000000deff540 0000000000000001
0x000000000deff420:   0000000000000001 000000000245f3c8
0x000000000deff430:   000000000000000a 0000000000000000
0x000000000deff440:   0000000000000000 0000000000000000
0x000000000deff450:   0000000000000001 0000000074205571 

Instructions: (pc=0x0000000074d54b9b)
0x0000000074d54b7b:   48 8b 5c 24 30 48 89 47 18 48 83 c4 20 5f c3 cc
0x0000000074d54b8b:   cc cc cc cc cc 40 53 48 83 ec 20 48 85 c9 74 54
0x0000000074d54b9b:   48 8b 19 48 85 db 74 4c 48 b8 fe fe fe fe fe fe
0x0000000074d54bab:   fe fe 48 3b d8 74 3d 80 3d 57 56 61 00 00 74 15 


Register to memory mapping:

RAX=0x000000000deff301 is pointing into the stack for thread: 0x000000000c352000
RBX=0x000000000c352000 is a thread
RCX=0x2470614d68736148 is an unknown value
RDX=0x0000000000000000 is an unknown value
RSP=0x000000000deff360 is pointing into the stack for thread: 0x000000000c352000
RBP=0x2470614d68736148 is an unknown value
RSI=0x000000000deff478 is pointing into the stack for thread: 0x000000000c352000
RDI=0x0000000002548950 is an unknown value
R8 =0x000000000c352000 is a thread
R9 =0x0000000000000700 is an unknown value
R10=0x0000000000000000 is an unknown value
R11=0x485f436800380005 is an unknown value
R12=0x0000000000000000 is an unknown value
R13=0x00000000023ed4f8 is an unknown value
R14=0x0000000000000000 is an unknown value
R15=0x0000000000000000 is an unknown value


Stack: [0x000000000de00000,0x000000000df00000],  sp=0x000000000deff360,  free space=1020k
Native frames: (J=compiled Java code, j=interpreted, Vv=VM code, C=native code)
V  [jvm.dll+0x144b9b]

[error occurred during error reporting (printing native stack), id 0xc0000005]


---------------  P R O C E S S  ---------------

Java Threads: ( => current thread )
  0x000000000c375000 JavaThread "Service Thread" daemon [_thread_blocked, id=3728, stack(0x000000000e450000,0x000000000e550000)]
  0x000000000c373000 JavaThread "C2 CompilerThread1" daemon [_thread_blocked, id=3724, stack(0x000000000e1e0000,0x000000000e2e0000)]
  0x000000000c371800 JavaThread "C2 CompilerThread0" daemon [_thread_blocked, id=3720, stack(0x000000000df60000,0x000000000e060000)]
  0x000000000c35c000 JavaThread "JDWP Command Reader" daemon [_thread_in_native, id=1812, stack(0x000000000e090000,0x000000000e190000)]
  0x000000000c35a000 JavaThread "JDWP Event Helper Thread" daemon [_thread_blocked, id=3576, stack(0x000000000dd00000,0x000000000de00000)]
=>0x000000000c352000 JavaThread "JDWP Transport Listener: dt_socket" daemon [_thread_in_vm, id=3572, stack(0x000000000de00000,0x000000000df00000)]
  0x000000000c344000 JavaThread "Attach Listener" daemon [_thread_blocked, id=3544, stack(0x000000000d8c0000,0x000000000d9c0000)]
  0x000000000b299800 JavaThread "Signal Dispatcher" daemon [_thread_blocked, id=3332, stack(0x000000000d7b0000,0x000000000d8b0000)]
  0x000000000245b000 JavaThread "Finalizer" daemon [_thread_blocked, id=3668, stack(0x000000000d3c0000,0x000000000d4c0000)]
  0x000000000245a800 JavaThread "Reference Handler" daemon [_thread_blocked, id=3656, stack(0x000000000d520000,0x000000000d620000)]
  0x000000000254e800 JavaThread "main" [_thread_blocked, id=3616, stack(0x0000000002560000,0x0000000002660000)]

Other Threads:
  0x000000000b27d800 VMThread [stack: 0x000000000d270000,0x000000000d370000] [id=3648]
  0x000000000c392000 WatcherThread [stack: 0x000000000e640000,0x000000000e740000] [id=3732]

VM state:not at safepoint (normal execution)

VM Mutex/Monitor currently owned by a thread: None

Heap
 PSYoungGen      total 38912K, used 2027K [0x00000007d5500000, 0x00000007d8000000, 0x0000000800000000)
  eden space 33792K, 6% used [0x00000007d5500000,0x00000007d56faf18,0x00000007d7600000)
  from space 5120K, 0% used [0x00000007d7b00000,0x00000007d7b00000,0x00000007d8000000)
  to   space 5120K, 0% used [0x00000007d7600000,0x00000007d7600000,0x00000007d7b00000)
 ParOldGen       total 87040K, used 0K [0x0000000780000000, 0x0000000785500000, 0x00000007d5500000)
  object space 87040K, 0% used [0x0000000780000000,0x0000000780000000,0x0000000785500000)
 PSPermGen       total 21504K, used 2636K [0x000000077ae00000, 0x000000077c300000, 0x0000000780000000)
  object space 21504K, 12% used [0x000000077ae00000,0x000000077b0931e8,0x000000077c300000)

Card table byte_map: [0x0000000005770000,0x0000000005ba0000] byte_map_base: 0x0000000001b99000

Polling page: 0x00000000005b0000

Code Cache  [0x0000000002770000, 0x00000000029e0000, 0x0000000005770000)
 total_blobs=162 nmethods=0 adapters=138 free_code_cache=48774Kb largest_free_block=49944512

Compilation events (0 events):
No events

GC Heap History (0 events):
No events

Deoptimization events (0 events):
No events

Internal exceptions (2 events):
Event: 0.016 Thread 0x000000000254e800 Threw 0x00000007d550f690 at C:\re\jdk7u80\2329\hotspot\src\share\vm\prims\jni.cpp:3991
Event: 0.113 Thread 0x000000000254e800 Threw 0x00000007d5599c70 at C:\re\jdk7u80\2329\hotspot\src\share\vm\prims\jvm.cpp:1319

Events (10 events):
Event: 243.494 Executing VM operation: ChangeSingleStep
Event: 243.494 Executing VM operation: ChangeSingleStep done
Event: 243.495 Executing VM operation: RedefineClasses
Event: 243.495 Executing VM operation: RedefineClasses done
Event: 1153.146 Executing VM operation: RedefineClasses
Event: 1153.146 Executing VM operation: RedefineClasses done
Event: 2262.401 Executing VM operation: RedefineClasses
Event: 2262.401 Executing VM operation: RedefineClasses done
Event: 3569.394 Executing VM operation: RedefineClasses
Event: 3569.394 Executing VM operation: RedefineClasses done


Dynamic libraries:
0x000000013f500000 - 0x000000013f533000 	D:\B_Util\2.Java\JDK1.7\bin\javaw.exe
0x00000000779d0000 - 0x0000000077b6f000 	C:\Windows\SYSTEM32\ntdll.dll
0x00000000777b0000 - 0x00000000778cf000 	C:\Windows\system32\kernel32.dll
0x000007fefda10000 - 0x000007fefda7a000 	C:\Windows\system32\KERNELBASE.dll
0x000007fefecd0000 - 0x000007fefedab000 	C:\Windows\system32\ADVAPI32.dll
0x000007feff4f0000 - 0x000007feff58f000 	C:\Windows\system32\msvcrt.dll
0x000007feff470000 - 0x000007feff48f000 	C:\Windows\SYSTEM32\sechost.dll
0x000007feff340000 - 0x000007feff46c000 	C:\Windows\system32\RPCRT4.dll
0x00000000778d0000 - 0x00000000779ca000 	C:\Windows\system32\USER32.dll
0x000007feffc50000 - 0x000007feffcb7000 	C:\Windows\system32\GDI32.dll
0x000007feff4e0000 - 0x000007feff4ee000 	C:\Windows\system32\LPK.dll
0x000007fefeb80000 - 0x000007fefec4b000 	C:\Windows\system32\USP10.dll
0x000007fefbcb0000 - 0x000007fefbea4000 	C:\Windows\WinSxS\amd64_microsoft.windows.common-controls_6595b64144ccf1df_6.0.7601.18837_none_fa3b1e3d17594757\COMCTL32.dll
0x000007fefec50000 - 0x000007fefecc1000 	C:\Windows\system32\SHLWAPI.dll
0x000007feffb70000 - 0x000007feffb9e000 	C:\Windows\system32\IMM32.DLL
0x000007feff810000 - 0x000007feff919000 	C:\Windows\system32\MSCTF.dll
0x0000000074b30000 - 0x0000000074c02000 	D:\B_Util\2.Java\JDK1.7\jre\bin\msvcr100.dll
0x0000000074c10000 - 0x00000000753e9000 	D:\B_Util\2.Java\JDK1.7\jre\bin\server\jvm.dll
0x000007fefa390000 - 0x000007fefa399000 	C:\Windows\system32\WSOCK32.dll
0x000007feff490000 - 0x000007feff4dd000 	C:\Windows\system32\WS2_32.dll
0x000007feffc40000 - 0x000007feffc48000 	C:\Windows\system32\NSI.dll
0x000007fefa3a0000 - 0x000007fefa3db000 	C:\Windows\system32\WINMM.dll
0x0000000077b80000 - 0x0000000077b87000 	C:\Windows\system32\PSAPI.DLL
0x0000000074b20000 - 0x0000000074b2f000 	D:\B_Util\2.Java\JDK1.7\jre\bin\verify.dll
0x0000000074af0000 - 0x0000000074b18000 	D:\B_Util\2.Java\JDK1.7\jre\bin\java.dll
0x0000000074200000 - 0x0000000074235000 	D:\B_Util\2.Java\JDK1.7\jre\bin\jdwp.dll
0x0000000074270000 - 0x0000000074278000 	D:\B_Util\2.Java\JDK1.7\jre\bin\npt.dll
0x0000000074ad0000 - 0x0000000074ae6000 	D:\B_Util\2.Java\JDK1.7\jre\bin\zip.dll
0x0000000074260000 - 0x0000000074269000 	D:\B_Util\2.Java\JDK1.7\jre\bin\dt_socket.dll
0x000007fefba10000 - 0x000007fefba25000 	C:\Windows\system32\NLAapi.dll
0x000007fefa310000 - 0x000007fefa325000 	C:\Windows\system32\napinsp.dll
0x000007fef9f00000 - 0x000007fef9f19000 	C:\Windows\system32\pnrpnsp.dll
0x000007fefceb0000 - 0x000007fefcf05000 	C:\Windows\System32\mswsock.dll
0x000007fefcd30000 - 0x000007fefcd8b000 	C:\Windows\system32\DNSAPI.dll
0x000007fef9ef0000 - 0x000007fef9efb000 	C:\Windows\System32\winrnr.dll
0x000007fefb420000 - 0x000007fefb447000 	C:\Windows\system32\IPHLPAPI.DLL
0x000007fefb410000 - 0x000007fefb41b000 	C:\Windows\system32\WINNSI.DLL
0x000007fefb370000 - 0x000007fefb3c3000 	C:\Windows\System32\fwpuclnt.dll
0x000007fef9ee0000 - 0x000007fef9ee8000 	C:\Windows\system32\rasadhlp.dll
0x000007fefc920000 - 0x000007fefc927000 	C:\Windows\System32\wshtcpip.dll
0x000007fef9db0000 - 0x000007fef9ed5000 	C:\Windows\system32\dbghelp.dll

VM Arguments:
jvm_args: -agentlib:jdwp=transport=dt_socket,suspend=y,address=localhost:49364 -Dfile.encoding=UTF-8 
java_command: d_array.Sort
Launcher Type: SUN_STANDARD

Environment Variables:
JAVA_HOME=D:\B_Util\2.Java\JDK1.7
PATH=D:\B_Util\2.Java\JDK1.7\jre\bin;D:/B_Util/2.Java/JDK1.7/bin/../jre/bin/server;D:/B_Util/2.Java/JDK1.7/bin/../jre/bin;D:/B_Util/2.Java/JDK1.7/bin/../jre/lib/amd64;D:\B_Util\4.Oracle\appClient;D:\B_Util\4.Oracle\app\oracle\product\11.2.0\server\bin;;C:\Windows\system32;C:\Windows;C:\Windows\System32\Wbem;C:\Windows\System32\WindowsPowerShell\v1.0\;D:\B_Util\2.Java\JDK1.7\bin;C:\Program Files\Bandizip\;D:\B_Util\3.Eclipse\eclipse;
USERNAME=pc19
OS=Windows_NT
PROCESSOR_IDENTIFIER=Intel64 Family 6 Model 158 Stepping 9, GenuineIntel



---------------  S Y S T E M  ---------------

OS: Windows 7 , 64 bit Build 7601 Service Pack 1

CPU:total 8 (4 cores per cpu, 2 threads per core) family 6 model 158 stepping 9, cmov, cx8, fxsr, mmx, sse, sse2, sse3, ssse3, sse4.1, sse4.2, popcnt, avx, avx2, aes, erms, ht, tsc, tscinvbit

Memory: 4k page, physical 8388608k(6190532k free), swap 16775312k(12704368k free)

vm_info: Java HotSpot(TM) 64-Bit Server VM (24.80-b11) for windows-amd64 JRE (1.7.0_80-b15), built on Apr 10 2015 11:26:34 by "java_re" with unknown MS VC++:1600

time: Tue Sep 24 11:10:15 2019
elapsed time: 3569 seconds

